<?xml version="1.0" encoding="UTF-8"?>
<!-- Generated by org.testng.reporters.JUnitXMLReporter -->
<testsuite ignored="1" hostname="DESKTOP-EI1JAB2" failures="1" tests="6" name="personal loan" time="0.053" errors="0" timestamp="2022-10-18T17:17:29 EET">
  <testcase classname="Test.day1" name="SecondTest" time="0.009">
    <failure type="java.lang.AssertionError" message="expected [true] but found [false]">
      <![CDATA[java.lang.AssertionError: expected [true] but found [false]
at Test.day1.SecondTest(day1.java:19)
at java.base/java.util.ArrayList.forEach(ArrayList.java:1511)
at java.base/java.util.concurrent.FutureTask.run(FutureTask.java:264)
at java.base/java.util.concurrent.ThreadPoolExecutor.runWorker(ThreadPoolExecutor.java:1136)
at java.base/java.util.concurrent.ThreadPoolExecutor$Worker.run(ThreadPoolExecutor.java:635)
at java.base/java.lang.Thread.run(Thread.java:833)
... Removed 22 stack frames]]>
    </failure>
  </testcase> <!-- SecondTest -->
  <testcase classname="Test.day2" name="paramsTesst2" time="0.002"/>
  <testcase classname="Test.day2" name="ploan" time="0.001"/>
  <testcase classname="Test.day4" name="MobileLoginHomeLoan" time="0.002"/>
  <testcase classname="Test.day4" name="loginAPIHomeLoan" time="0.001"/>
  <testcase classname="Test.day4" name="webLoginHomeLoan" time="0.0"/>
  <testcase classname="Test.day1" name="demo" time="0.0">
    <ignored/>
  </testcase> <!-- demo -->
</testsuite> <!-- personal loan -->
